<?xml version="1.0" encoding="UTF-8"?>
<!-- Generated by org.testng.reporters.JUnitXMLReporter -->
<testsuite hostname="DESKTOP-VUOGCLO" ignored="0" name="Test" tests="9" failures="1" timestamp="07 Sep 2019 14:16:28 GMT" time="0.203" errors="0">
  <testcase name="Demo" time="0.016" classname="test.day1"/>
  <testcase name="Secondtest" time="0.0" classname="test.day1"/>
  <testcase name="Demo2" time="0.015" classname="test.day2"/>
  <testcase name="Secondtest2" time="0.0" classname="test.day2"/>
  <testcase name="demo3" time="0.0" classname="test.day3"/>
  <testcase name="secondtest3" time="0.016" classname="test.day3">
    <failure type="java.lang.AssertionError" message="expected [true] but found [false]">
      <![CDATA[java.lang.AssertionError: expected [true] but found [false]
at test.day3.secondtest3(day3.java:34)
... Removed 29 stack frames]]>
    </failure>
  </testcase> <!-- secondtest3 -->
  <testcase name="setdata" time="0.0" classname="test.day3"/>
  <testcase name="setdata" time="0.015" classname="test.day3"/>
  <testcase name="Pqr" time="0.0" classname="test.day3"/>
</testsuite> <!-- Test -->
